<?xml version="1.0" encoding="UTF-8"?>
<!-- Generated by org.testng.reporters.JUnitReportReporter -->
<testsuite skipped="0" hostname="DESKTOP-9CFC3NS" name="com.crm.lead.Test" tests="1" failures="0" timestamp="2021-03-25T21:56:51 IST" time="0.007" errors="0">
  <testcase name="test" time="0.007" classname="com.crm.lead.Test"/>
  <system-out/>
</testsuite> <!-- com.crm.lead.Test -->
