<?xml version="1.0" encoding="UTF-8"?>
<!-- Generated by org.testng.reporters.JUnitReportReporter -->
<testsuite skipped="0" hostname="DESKTOP-9CFC3NS" name="com.crm.lead.CreateLeadTest" tests="2" failures="0" timestamp="2021-03-25T21:46:46 IST" time="0.002" errors="0">
  <testcase name="createlead" time="0.002" classname="com.crm.lead.CreateLeadTest"/>
  <system-out/>
  <testcase name="createleadwithcontact" time="0.000" classname="com.crm.lead.CreateLeadTest"/>
  <system-out/>
</testsuite> <!-- com.crm.lead.CreateLeadTest -->
